{"level":"info","message":"WhatsApp Service started on port 3000","service":"whatsapp-service","timestamp":"2025-04-29 05:28:30"}
{"level":"info","message":"Environment: development","service":"whatsapp-service","timestamp":"2025-04-29 05:28:30"}
{"level":"info","message":"Allowed origins: http://localhost:8000, http://your-laravel-domain.com","service":"whatsapp-service","timestamp":"2025-04-29 05:28:30"}
{"level":"info","message":"WhatsApp Service started on port 3000","service":"whatsapp-service","timestamp":"2025-04-29 05:28:31"}
{"level":"info","message":"Environment: development","service":"whatsapp-service","timestamp":"2025-04-29 05:28:31"}
{"level":"info","message":"Allowed origins: http://localhost:8000, http://your-laravel-domain.com","service":"whatsapp-service","timestamp":"2025-04-29 05:28:31"}
{"data":{"status":"QR Code received"},"event":"qr","level":"info","message":"WhatsApp Event: qr","service":"whatsapp-service","timestamp":"2025-04-29 05:28:45"}
{"duration":"93ms","level":"info","message":"API Request","method":"GET","path":"/auth/qr","service":"whatsapp-service","status":200,"timestamp":"2025-04-29 05:28:57"}
{"data":{"status":"QR Code received"},"event":"qr","level":"info","message":"WhatsApp Event: qr","service":"whatsapp-service","timestamp":"2025-04-29 05:29:45"}
{"data":{"status":"QR Code received"},"event":"qr","level":"info","message":"WhatsApp Event: qr","service":"whatsapp-service","timestamp":"2025-04-29 05:30:05"}
{"level":"info","message":"WhatsApp Service started on port 3000","service":"whatsapp-service","timestamp":"2025-04-29 05:30:06"}
{"level":"info","message":"Environment: development","service":"whatsapp-service","timestamp":"2025-04-29 05:30:06"}
{"level":"info","message":"Allowed origins: http://localhost:8000, http://your-laravel-domain.com","service":"whatsapp-service","timestamp":"2025-04-29 05:30:06"}
{"data":{"status":"QR Code received"},"event":"qr","level":"info","message":"WhatsApp Event: qr","service":"whatsapp-service","timestamp":"2025-04-29 05:30:12"}
{"duration":"56ms","level":"info","message":"API Request","method":"GET","path":"/auth/qr","service":"whatsapp-service","status":200,"timestamp":"2025-04-29 05:30:29"}
{"duration":"1ms","level":"info","message":"API Request","method":"GET","path":"/auth/status","service":"whatsapp-service","status":200,"timestamp":"2025-04-29 05:30:34"}
{"duration":"1ms","level":"info","message":"API Request","method":"GET","path":"/auth/status","service":"whatsapp-service","status":304,"timestamp":"2025-04-29 05:30:39"}
{"duration":"1ms","level":"info","message":"API Request","method":"GET","path":"/auth/status","service":"whatsapp-service","status":304,"timestamp":"2025-04-29 05:30:44"}
{"duration":"1ms","level":"info","message":"API Request","method":"GET","path":"/auth/status","service":"whatsapp-service","status":304,"timestamp":"2025-04-29 05:30:49"}
{"duration":"1ms","level":"info","message":"API Request","method":"GET","path":"/auth/status","service":"whatsapp-service","status":304,"timestamp":"2025-04-29 05:30:54"}
{"duration":"1ms","level":"info","message":"API Request","method":"GET","path":"/auth/status","service":"whatsapp-service","status":304,"timestamp":"2025-04-29 05:30:59"}
{"duration":"42ms","level":"info","message":"API Request","method":"GET","path":"/auth/qr","service":"whatsapp-service","status":200,"timestamp":"2025-04-29 05:31:02"}
{"duration":"1ms","level":"info","message":"API Request","method":"GET","path":"/auth/status","service":"whatsapp-service","status":304,"timestamp":"2025-04-29 05:31:05"}
{"duration":"0ms","level":"info","message":"API Request","method":"GET","path":"/auth/status","service":"whatsapp-service","status":200,"timestamp":"2025-04-29 05:31:07"}
{"duration":"1ms","level":"info","message":"API Request","method":"GET","path":"/auth/status","service":"whatsapp-service","status":304,"timestamp":"2025-04-29 05:31:09"}
{"duration":"0ms","level":"info","message":"API Request","method":"GET","path":"/auth/status","service":"whatsapp-service","status":304,"timestamp":"2025-04-29 05:31:12"}
{"data":{"status":"QR Code received"},"event":"qr","level":"info","message":"WhatsApp Event: qr","service":"whatsapp-service","timestamp":"2025-04-29 05:31:12"}
{"duration":"1ms","level":"info","message":"API Request","method":"GET","path":"/auth/status","service":"whatsapp-service","status":304,"timestamp":"2025-04-29 05:31:14"}
{"duration":"0ms","level":"info","message":"API Request","method":"GET","path":"/auth/status","service":"whatsapp-service","status":304,"timestamp":"2025-04-29 05:31:17"}
{"duration":"1ms","level":"info","message":"API Request","method":"GET","path":"/auth/status","service":"whatsapp-service","status":304,"timestamp":"2025-04-29 05:31:19"}
{"duration":"1ms","level":"info","message":"API Request","method":"GET","path":"/auth/status","service":"whatsapp-service","status":304,"timestamp":"2025-04-29 05:31:22"}
{"duration":"1ms","level":"info","message":"API Request","method":"GET","path":"/auth/status","service":"whatsapp-service","status":304,"timestamp":"2025-04-29 05:31:24"}
{"duration":"0ms","level":"info","message":"API Request","method":"GET","path":"/auth/status","service":"whatsapp-service","status":304,"timestamp":"2025-04-29 05:31:27"}
{"duration":"0ms","level":"info","message":"API Request","method":"GET","path":"/auth/status","service":"whatsapp-service","status":304,"timestamp":"2025-04-29 05:31:29"}
{"duration":"0ms","level":"info","message":"API Request","method":"GET","path":"/auth/status","service":"whatsapp-service","status":304,"timestamp":"2025-04-29 05:31:32"}
{"data":{"status":"QR Code received"},"event":"qr","level":"info","message":"WhatsApp Event: qr","service":"whatsapp-service","timestamp":"2025-04-29 05:31:32"}
{"duration":"1ms","level":"info","message":"API Request","method":"GET","path":"/auth/status","service":"whatsapp-service","status":304,"timestamp":"2025-04-29 05:31:34"}
{"duration":"0ms","level":"info","message":"API Request","method":"GET","path":"/auth/status","service":"whatsapp-service","status":304,"timestamp":"2025-04-29 05:31:37"}
{"duration":"1ms","level":"info","message":"API Request","method":"GET","path":"/auth/status","service":"whatsapp-service","status":304,"timestamp":"2025-04-29 05:31:39"}
{"duration":"1ms","level":"info","message":"API Request","method":"GET","path":"/auth/status","service":"whatsapp-service","status":304,"timestamp":"2025-04-29 05:31:42"}
{"duration":"1ms","level":"info","message":"API Request","method":"GET","path":"/auth/status","service":"whatsapp-service","status":304,"timestamp":"2025-04-29 05:31:44"}
{"duration":"1ms","level":"info","message":"API Request","method":"GET","path":"/auth/status","service":"whatsapp-service","status":304,"timestamp":"2025-04-29 05:31:47"}
{"duration":"0ms","level":"info","message":"API Request","method":"GET","path":"/auth/status","service":"whatsapp-service","status":304,"timestamp":"2025-04-29 05:31:49"}
{"duration":"1ms","level":"info","message":"API Request","method":"GET","path":"/auth/status","service":"whatsapp-service","status":304,"timestamp":"2025-04-29 05:31:52"}
{"data":{"status":"QR Code received"},"event":"qr","level":"info","message":"WhatsApp Event: qr","service":"whatsapp-service","timestamp":"2025-04-29 05:31:52"}
{"duration":"0ms","level":"info","message":"API Request","method":"GET","path":"/auth/status","service":"whatsapp-service","status":304,"timestamp":"2025-04-29 05:31:54"}
{"duration":"1ms","level":"info","message":"API Request","method":"GET","path":"/auth/status","service":"whatsapp-service","status":304,"timestamp":"2025-04-29 05:31:57"}
{"duration":"0ms","level":"info","message":"API Request","method":"GET","path":"/auth/status","service":"whatsapp-service","status":304,"timestamp":"2025-04-29 05:31:59"}
{"duration":"1ms","level":"info","message":"API Request","method":"GET","path":"/auth/status","service":"whatsapp-service","status":304,"timestamp":"2025-04-29 05:32:02"}
{"duration":"0ms","level":"info","message":"API Request","method":"GET","path":"/auth/status","service":"whatsapp-service","status":304,"timestamp":"2025-04-29 05:32:05"}
{"duration":"1ms","level":"info","message":"API Request","method":"GET","path":"/auth/status","service":"whatsapp-service","status":304,"timestamp":"2025-04-29 05:32:07"}
{"duration":"1ms","level":"info","message":"API Request","method":"GET","path":"/auth/status","service":"whatsapp-service","status":304,"timestamp":"2025-04-29 05:32:09"}
{"duration":"0ms","level":"info","message":"API Request","method":"GET","path":"/auth/status","service":"whatsapp-service","status":304,"timestamp":"2025-04-29 05:32:12"}
{"data":{"status":"QR Code received"},"event":"qr","level":"info","message":"WhatsApp Event: qr","service":"whatsapp-service","timestamp":"2025-04-29 05:32:12"}
{"duration":"0ms","level":"info","message":"API Request","method":"GET","path":"/auth/status","service":"whatsapp-service","status":304,"timestamp":"2025-04-29 05:32:14"}
{"duration":"1ms","level":"info","message":"API Request","method":"GET","path":"/auth/status","service":"whatsapp-service","status":304,"timestamp":"2025-04-29 05:32:17"}
{"duration":"1ms","level":"info","message":"API Request","method":"GET","path":"/auth/status","service":"whatsapp-service","status":304,"timestamp":"2025-04-29 05:32:19"}
{"duration":"1ms","level":"info","message":"API Request","method":"GET","path":"/auth/status","service":"whatsapp-service","status":304,"timestamp":"2025-04-29 05:32:22"}
{"duration":"0ms","level":"info","message":"API Request","method":"GET","path":"/auth/status","service":"whatsapp-service","status":304,"timestamp":"2025-04-29 05:32:24"}
{"duration":"37ms","level":"info","message":"API Request","method":"GET","path":"/auth/qr","service":"whatsapp-service","status":200,"timestamp":"2025-04-29 05:32:27"}
{"duration":"0ms","level":"info","message":"API Request","method":"GET","path":"/auth/status","service":"whatsapp-service","status":304,"timestamp":"2025-04-29 05:32:27"}
{"duration":"0ms","level":"info","message":"API Request","method":"GET","path":"/auth/status","service":"whatsapp-service","status":304,"timestamp":"2025-04-29 05:32:32"}
{"data":{"status":"QR Code received"},"event":"qr","level":"info","message":"WhatsApp Event: qr","service":"whatsapp-service","timestamp":"2025-04-29 05:32:32"}
{"duration":"0ms","level":"info","message":"API Request","method":"GET","path":"/auth/status","service":"whatsapp-service","status":304,"timestamp":"2025-04-29 05:32:32"}
{"duration":"2ms","level":"info","message":"API Request","method":"GET","path":"/auth/status","service":"whatsapp-service","status":304,"timestamp":"2025-04-29 05:32:37"}
{"duration":"1ms","level":"info","message":"API Request","method":"GET","path":"/auth/status","service":"whatsapp-service","status":304,"timestamp":"2025-04-29 05:32:37"}
{"duration":"0ms","level":"info","message":"API Request","method":"GET","path":"/auth/status","service":"whatsapp-service","status":304,"timestamp":"2025-04-29 05:32:42"}
{"duration":"0ms","level":"info","message":"API Request","method":"GET","path":"/auth/status","service":"whatsapp-service","status":304,"timestamp":"2025-04-29 05:32:42"}
{"data":{"status":"WhatsApp client is authenticated"},"event":"authenticated","level":"info","message":"WhatsApp Event: authenticated","service":"whatsapp-service","timestamp":"2025-04-29 05:32:44"}
{"data":{"status":"WhatsApp client is ready"},"event":"ready","level":"info","message":"WhatsApp Event: ready","service":"whatsapp-service","timestamp":"2025-04-29 05:32:45"}
{"from":"6281343596588@c.us","level":"info","message":"Received message","service":"whatsapp-service","text":"","timestamp":"2025-04-29 05:32:45"}
{"duration":"0ms","level":"info","message":"API Request","method":"GET","path":"/auth/status","service":"whatsapp-service","status":200,"timestamp":"2025-04-29 05:32:47"}
{"duration":"0ms","level":"info","message":"API Request","method":"GET","path":"/auth/status","service":"whatsapp-service","status":200,"timestamp":"2025-04-29 05:32:48"}
{"duration":"29ms","level":"info","message":"API Request","method":"GET","path":"/auth/qr","service":"whatsapp-service","status":200,"timestamp":"2025-04-29 05:32:54"}
{"duration":"1ms","level":"info","message":"API Request","method":"GET","path":"/auth/status","service":"whatsapp-service","status":304,"timestamp":"2025-04-29 05:32:59"}
{"duration":"30ms","level":"info","message":"API Request","method":"GET","path":"/auth/qr","service":"whatsapp-service","status":304,"timestamp":"2025-04-29 05:33:09"}
{"duration":"0ms","level":"info","message":"API Request","method":"GET","path":"/auth/status","service":"whatsapp-service","status":304,"timestamp":"2025-04-29 05:33:15"}
{"level":"info","message":"WhatsApp Service started on port 3000","service":"whatsapp-service","timestamp":"2025-04-29 07:04:04"}
{"level":"info","message":"Environment: development","service":"whatsapp-service","timestamp":"2025-04-29 07:04:04"}
{"level":"info","message":"Allowed origins: http://localhost:8000, http://your-laravel-domain.com","service":"whatsapp-service","timestamp":"2025-04-29 07:04:04"}
{"data":{"status":"WhatsApp client is authenticated"},"event":"authenticated","level":"info","message":"WhatsApp Event: authenticated","service":"whatsapp-service","timestamp":"2025-04-29 07:04:12"}
{"data":{"status":"WhatsApp client is ready"},"event":"ready","level":"info","message":"WhatsApp Event: ready","service":"whatsapp-service","timestamp":"2025-04-29 07:04:12"}
{"error":{"message":"QR Code not yet generated","stack":"Error: QR Code not yet generated\n    at WhatsAppService.getQR (/project/sandbox/user-workspace/whatsapp-service/src/services/whatsappService.js:65:13)\n    at getQR (/project/sandbox/user-workspace/whatsapp-service/src/controllers/whatsappController.js:7:44)\n    at Layer.handle [as handle_request] (/project/sandbox/user-workspace/whatsapp-service/node_modules/express/lib/router/layer.js:95:5)\n    at next (/project/sandbox/user-workspace/whatsapp-service/node_modules/express/lib/router/route.js:149:13)\n    at Route.dispatch (/project/sandbox/user-workspace/whatsapp-service/node_modules/express/lib/router/route.js:119:3)\n    at Layer.handle [as handle_request] (/project/sandbox/user-workspace/whatsapp-service/node_modules/express/lib/router/layer.js:95:5)\n    at /project/sandbox/user-workspace/whatsapp-service/node_modules/express/lib/router/index.js:284:15\n    at Function.process_params (/project/sandbox/user-workspace/whatsapp-service/node_modules/express/lib/router/index.js:346:12)\n    at next (/project/sandbox/user-workspace/whatsapp-service/node_modules/express/lib/router/index.js:280:10)\n    at logRequest (/project/sandbox/user-workspace/whatsapp-service/src/routes/api.js:41:3)\n    at Layer.handle [as handle_request] (/project/sandbox/user-workspace/whatsapp-service/node_modules/express/lib/router/layer.js:95:5)\n    at trim_prefix (/project/sandbox/user-workspace/whatsapp-service/node_modules/express/lib/router/index.js:328:13)\n    at /project/sandbox/user-workspace/whatsapp-service/node_modules/express/lib/router/index.js:286:9\n    at Function.process_params (/project/sandbox/user-workspace/whatsapp-service/node_modules/express/lib/router/index.js:346:12)\n    at next (/project/sandbox/user-workspace/whatsapp-service/node_modules/express/lib/router/index.js:280:10)\n    at authenticateApiKey (/project/sandbox/user-workspace/whatsapp-service/src/routes/api.js:31:3)"},"level":"error","message":"Error getting QR code","service":"whatsapp-service","timestamp":"2025-04-29 10:52:27"}
{"duration":"9ms","level":"info","message":"API Request","method":"GET","path":"/auth/qr","service":"whatsapp-service","status":500,"timestamp":"2025-04-29 10:52:27"}
{"error":{"message":"QR Code not yet generated","stack":"Error: QR Code not yet generated\n    at WhatsAppService.getQR (/project/sandbox/user-workspace/whatsapp-service/src/services/whatsappService.js:65:13)\n    at getQR (/project/sandbox/user-workspace/whatsapp-service/src/controllers/whatsappController.js:7:44)\n    at Layer.handle [as handle_request] (/project/sandbox/user-workspace/whatsapp-service/node_modules/express/lib/router/layer.js:95:5)\n    at next (/project/sandbox/user-workspace/whatsapp-service/node_modules/express/lib/router/route.js:149:13)\n    at Route.dispatch (/project/sandbox/user-workspace/whatsapp-service/node_modules/express/lib/router/route.js:119:3)\n    at Layer.handle [as handle_request] (/project/sandbox/user-workspace/whatsapp-service/node_modules/express/lib/router/layer.js:95:5)\n    at /project/sandbox/user-workspace/whatsapp-service/node_modules/express/lib/router/index.js:284:15\n    at Function.process_params (/project/sandbox/user-workspace/whatsapp-service/node_modules/express/lib/router/index.js:346:12)\n    at next (/project/sandbox/user-workspace/whatsapp-service/node_modules/express/lib/router/index.js:280:10)\n    at logRequest (/project/sandbox/user-workspace/whatsapp-service/src/routes/api.js:41:3)\n    at Layer.handle [as handle_request] (/project/sandbox/user-workspace/whatsapp-service/node_modules/express/lib/router/layer.js:95:5)\n    at trim_prefix (/project/sandbox/user-workspace/whatsapp-service/node_modules/express/lib/router/index.js:328:13)\n    at /project/sandbox/user-workspace/whatsapp-service/node_modules/express/lib/router/index.js:286:9\n    at Function.process_params (/project/sandbox/user-workspace/whatsapp-service/node_modules/express/lib/router/index.js:346:12)\n    at next (/project/sandbox/user-workspace/whatsapp-service/node_modules/express/lib/router/index.js:280:10)\n    at authenticateApiKey (/project/sandbox/user-workspace/whatsapp-service/src/routes/api.js:31:3)"},"level":"error","message":"Error getting QR code","service":"whatsapp-service","timestamp":"2025-04-29 10:52:37"}
{"duration":"2ms","level":"info","message":"API Request","method":"GET","path":"/auth/qr","service":"whatsapp-service","status":500,"timestamp":"2025-04-29 10:52:37"}
{"error":{"message":"QR Code not yet generated","stack":"Error: QR Code not yet generated\n    at WhatsAppService.getQR (/project/sandbox/user-workspace/whatsapp-service/src/services/whatsappService.js:65:13)\n    at getQR (/project/sandbox/user-workspace/whatsapp-service/src/controllers/whatsappController.js:7:44)\n    at Layer.handle [as handle_request] (/project/sandbox/user-workspace/whatsapp-service/node_modules/express/lib/router/layer.js:95:5)\n    at next (/project/sandbox/user-workspace/whatsapp-service/node_modules/express/lib/router/route.js:149:13)\n    at Route.dispatch (/project/sandbox/user-workspace/whatsapp-service/node_modules/express/lib/router/route.js:119:3)\n    at Layer.handle [as handle_request] (/project/sandbox/user-workspace/whatsapp-service/node_modules/express/lib/router/layer.js:95:5)\n    at /project/sandbox/user-workspace/whatsapp-service/node_modules/express/lib/router/index.js:284:15\n    at Function.process_params (/project/sandbox/user-workspace/whatsapp-service/node_modules/express/lib/router/index.js:346:12)\n    at next (/project/sandbox/user-workspace/whatsapp-service/node_modules/express/lib/router/index.js:280:10)\n    at logRequest (/project/sandbox/user-workspace/whatsapp-service/src/routes/api.js:41:3)\n    at Layer.handle [as handle_request] (/project/sandbox/user-workspace/whatsapp-service/node_modules/express/lib/router/layer.js:95:5)\n    at trim_prefix (/project/sandbox/user-workspace/whatsapp-service/node_modules/express/lib/router/index.js:328:13)\n    at /project/sandbox/user-workspace/whatsapp-service/node_modules/express/lib/router/index.js:286:9\n    at Function.process_params (/project/sandbox/user-workspace/whatsapp-service/node_modules/express/lib/router/index.js:346:12)\n    at next (/project/sandbox/user-workspace/whatsapp-service/node_modules/express/lib/router/index.js:280:10)\n    at authenticateApiKey (/project/sandbox/user-workspace/whatsapp-service/src/routes/api.js:31:3)"},"level":"error","message":"Error getting QR code","service":"whatsapp-service","timestamp":"2025-04-29 10:52:44"}
{"duration":"3ms","level":"info","message":"API Request","method":"GET","path":"/auth/qr","service":"whatsapp-service","status":500,"timestamp":"2025-04-29 10:52:44"}
{"error":{"message":"QR Code not yet generated","stack":"Error: QR Code not yet generated\n    at WhatsAppService.getQR (/project/sandbox/user-workspace/whatsapp-service/src/services/whatsappService.js:65:13)\n    at getQR (/project/sandbox/user-workspace/whatsapp-service/src/controllers/whatsappController.js:7:44)\n    at Layer.handle [as handle_request] (/project/sandbox/user-workspace/whatsapp-service/node_modules/express/lib/router/layer.js:95:5)\n    at next (/project/sandbox/user-workspace/whatsapp-service/node_modules/express/lib/router/route.js:149:13)\n    at Route.dispatch (/project/sandbox/user-workspace/whatsapp-service/node_modules/express/lib/router/route.js:119:3)\n    at Layer.handle [as handle_request] (/project/sandbox/user-workspace/whatsapp-service/node_modules/express/lib/router/layer.js:95:5)\n    at /project/sandbox/user-workspace/whatsapp-service/node_modules/express/lib/router/index.js:284:15\n    at Function.process_params (/project/sandbox/user-workspace/whatsapp-service/node_modules/express/lib/router/index.js:346:12)\n    at next (/project/sandbox/user-workspace/whatsapp-service/node_modules/express/lib/router/index.js:280:10)\n    at logRequest (/project/sandbox/user-workspace/whatsapp-service/src/routes/api.js:41:3)\n    at Layer.handle [as handle_request] (/project/sandbox/user-workspace/whatsapp-service/node_modules/express/lib/router/layer.js:95:5)\n    at trim_prefix (/project/sandbox/user-workspace/whatsapp-service/node_modules/express/lib/router/index.js:328:13)\n    at /project/sandbox/user-workspace/whatsapp-service/node_modules/express/lib/router/index.js:286:9\n    at Function.process_params (/project/sandbox/user-workspace/whatsapp-service/node_modules/express/lib/router/index.js:346:12)\n    at next (/project/sandbox/user-workspace/whatsapp-service/node_modules/express/lib/router/index.js:280:10)\n    at authenticateApiKey (/project/sandbox/user-workspace/whatsapp-service/src/routes/api.js:31:3)"},"level":"error","message":"Error getting QR code","service":"whatsapp-service","timestamp":"2025-04-29 10:54:47"}
{"duration":"1ms","level":"info","message":"API Request","method":"GET","path":"/auth/qr","service":"whatsapp-service","status":500,"timestamp":"2025-04-29 10:54:47"}
{"level":"info","message":"WhatsApp Service started on port 3000","service":"whatsapp-service","timestamp":"2025-04-29 10:57:05"}
{"level":"info","message":"Environment: development","service":"whatsapp-service","timestamp":"2025-04-29 10:57:05"}
{"level":"info","message":"Allowed origins: http://localhost:8000, http://your-laravel-domain.com","service":"whatsapp-service","timestamp":"2025-04-29 10:57:05"}
{"data":{"status":"WhatsApp client is authenticated"},"event":"authenticated","level":"info","message":"WhatsApp Event: authenticated","service":"whatsapp-service","timestamp":"2025-04-29 10:57:12"}
{"data":{"status":"WhatsApp client is ready"},"event":"ready","level":"info","message":"WhatsApp Event: ready","service":"whatsapp-service","timestamp":"2025-04-29 10:57:12"}
{"level":"info","message":"WhatsApp Service started on port 3000","service":"whatsapp-service","timestamp":"2025-04-29 10:58:19"}
{"level":"info","message":"Environment: development","service":"whatsapp-service","timestamp":"2025-04-29 10:58:19"}
{"level":"info","message":"Allowed origins: http://localhost:8000, http://your-laravel-domain.com","service":"whatsapp-service","timestamp":"2025-04-29 10:58:19"}
{"data":{"status":"WhatsApp client is authenticated"},"event":"authenticated","level":"info","message":"WhatsApp Event: authenticated","service":"whatsapp-service","timestamp":"2025-04-29 10:58:25"}
{"data":{"status":"WhatsApp client is ready"},"event":"ready","level":"info","message":"WhatsApp Event: ready","service":"whatsapp-service","timestamp":"2025-04-29 10:58:26"}
{"level":"info","message":"WhatsApp Service started on port 3000","service":"whatsapp-service","timestamp":"2025-04-29 10:59:51"}
{"level":"info","message":"Environment: development","service":"whatsapp-service","timestamp":"2025-04-29 10:59:51"}
{"level":"info","message":"Allowed origins: http://localhost:8000, http://your-laravel-domain.com","service":"whatsapp-service","timestamp":"2025-04-29 10:59:51"}
{"duration":"3ms","level":"info","message":"API Request","method":"GET","path":"/auth/qr","service":"whatsapp-service","status":404,"timestamp":"2025-04-29 11:00:00"}
{"duration":"1ms","level":"info","message":"API Request","method":"GET","path":"/auth/qr","service":"whatsapp-service","status":404,"timestamp":"2025-04-29 11:00:11"}
{"duration":"1ms","level":"info","message":"API Request","method":"GET","path":"/auth/qr","service":"whatsapp-service","status":404,"timestamp":"2025-04-29 11:00:17"}
{"duration":"1ms","level":"info","message":"API Request","method":"GET","path":"/auth/qr","service":"whatsapp-service","status":404,"timestamp":"2025-04-29 11:00:24"}
{"duration":"1ms","level":"info","message":"API Request","method":"GET","path":"/auth/qr","service":"whatsapp-service","status":404,"timestamp":"2025-04-29 11:00:28"}
{"duration":"1ms","level":"info","message":"API Request","method":"GET","path":"/auth/qr","service":"whatsapp-service","status":404,"timestamp":"2025-04-29 11:07:40"}
{"level":"info","message":"WhatsApp Service started on port 3000","service":"whatsapp-service","timestamp":"2025-04-29 11:07:53"}
{"level":"info","message":"Environment: development","service":"whatsapp-service","timestamp":"2025-04-29 11:07:53"}
{"level":"info","message":"Allowed origins: http://localhost:8000, http://your-laravel-domain.com","service":"whatsapp-service","timestamp":"2025-04-29 11:07:53"}
{"data":{"status":"QR Code received"},"event":"qr","level":"info","message":"WhatsApp Event: qr","service":"whatsapp-service","timestamp":"2025-04-29 11:08:00"}
{"duration":"134ms","level":"info","message":"API Request","method":"GET","path":"/auth/qr","service":"whatsapp-service","status":200,"timestamp":"2025-04-29 11:08:20"}
{"duration":"2ms","level":"info","message":"API Request","method":"GET","path":"/auth/status","service":"whatsapp-service","status":200,"timestamp":"2025-04-29 11:08:25"}
{"duration":"1ms","level":"info","message":"API Request","method":"GET","path":"/auth/status","service":"whatsapp-service","status":304,"timestamp":"2025-04-29 11:08:30"}
{"duration":"1ms","level":"info","message":"API Request","method":"GET","path":"/auth/status","service":"whatsapp-service","status":304,"timestamp":"2025-04-29 11:08:35"}
{"duration":"1ms","level":"info","message":"API Request","method":"GET","path":"/auth/status","service":"whatsapp-service","status":304,"timestamp":"2025-04-29 11:08:40"}
{"duration":"1ms","level":"info","message":"API Request","method":"GET","path":"/auth/status","service":"whatsapp-service","status":304,"timestamp":"2025-04-29 11:08:45"}
{"duration":"1ms","level":"info","message":"API Request","method":"GET","path":"/auth/status","service":"whatsapp-service","status":304,"timestamp":"2025-04-29 11:08:50"}
{"data":{"status":"QR Code received"},"event":"qr","level":"info","message":"WhatsApp Event: qr","service":"whatsapp-service","timestamp":"2025-04-29 11:08:59"}
{"data":{"status":"QR Code received"},"event":"qr","level":"info","message":"WhatsApp Event: qr","service":"whatsapp-service","timestamp":"2025-04-29 11:09:19"}
{"data":{"status":"QR Code received"},"event":"qr","level":"info","message":"WhatsApp Event: qr","service":"whatsapp-service","timestamp":"2025-04-29 11:09:39"}
{"data":{"status":"QR Code received"},"event":"qr","level":"info","message":"WhatsApp Event: qr","service":"whatsapp-service","timestamp":"2025-04-29 11:09:59"}
{"data":{"status":"QR Code received"},"event":"qr","level":"info","message":"WhatsApp Event: qr","service":"whatsapp-service","timestamp":"2025-04-29 11:10:19"}
{"level":"info","message":"WhatsApp Service started on port 3000","service":"whatsapp-service","timestamp":"2025-04-29 11:10:22"}
{"level":"info","message":"Environment: development","service":"whatsapp-service","timestamp":"2025-04-29 11:10:22"}
{"level":"info","message":"Allowed origins: http://localhost:8000, http://your-laravel-domain.com","service":"whatsapp-service","timestamp":"2025-04-29 11:10:22"}
{"data":{"status":"QR Code received"},"event":"qr","level":"info","message":"WhatsApp Event: qr","service":"whatsapp-service","timestamp":"2025-04-29 11:10:29"}
{"data":{"status":"QR Code received"},"event":"qr","level":"info","message":"WhatsApp Event: qr","service":"whatsapp-service","timestamp":"2025-04-29 11:11:29"}
{"data":{"status":"QR Code received"},"event":"qr","level":"info","message":"WhatsApp Event: qr","service":"whatsapp-service","timestamp":"2025-04-29 11:11:49"}
{"data":{"status":"QR Code received"},"event":"qr","level":"info","message":"WhatsApp Event: qr","service":"whatsapp-service","timestamp":"2025-04-29 11:12:09"}
{"data":{"status":"QR Code received"},"event":"qr","level":"info","message":"WhatsApp Event: qr","service":"whatsapp-service","timestamp":"2025-04-29 11:12:29"}
{"data":{"status":"QR Code received"},"event":"qr","level":"info","message":"WhatsApp Event: qr","service":"whatsapp-service","timestamp":"2025-04-29 11:12:49"}
